<?xml version="1.0" encoding="UTF-8"?>
<testng-results ignored="0" total="7" passed="6" failed="1" skipped="0">
  <reporter-output>
  </reporter-output>
  <suite started-at="2022-11-04T15:54:44 GMT-04:00" name="Suite" finished-at="2022-11-04T15:57:13 GMT-04:00" duration-ms="148528">
    <groups>
    </groups>
    <test started-at="2022-11-04T15:54:44 GMT-04:00" name="FourTest" finished-at="2022-11-04T15:56:07 GMT-04:00" duration-ms="82986">
      <class name="Test.FourTest">
        <test-method signature="fourtest()[pri:0, instance:Test.FourTest@673be18f]" started-at="2022-11-04T15:54:44 GMT-04:00" name="fourtest" finished-at="2022-11-04T15:55:50 GMT-04:00" duration-ms="65391" status="FAIL">
          <exception class="java.lang.AssertionError">
            <full-stacktrace>
              <![CDATA[java.lang.AssertionError
at org.junit.Assert.fail(Assert.java:86)
at org.junit.Assert.assertTrue(Assert.java:41)
at org.junit.Assert.assertTrue(Assert.java:52)
at Test.FourTest.fourtest(FourTest.java:21)
at java.base/jdk.internal.reflect.NativeMethodAccessorImpl.invoke0(Native Method)
at java.base/jdk.internal.reflect.NativeMethodAccessorImpl.invoke(NativeMethodAccessorImpl.java:62)
at java.base/jdk.internal.reflect.DelegatingMethodAccessorImpl.invoke(DelegatingMethodAccessorImpl.java:43)
at java.base/java.lang.reflect.Method.invoke(Method.java:566)
at org.testng.internal.invokers.MethodInvocationHelper.invokeMethod(MethodInvocationHelper.java:139)
at org.testng.internal.invokers.TestInvoker.invokeMethod(TestInvoker.java:677)
at org.testng.internal.invokers.TestInvoker.invokeTestMethod(TestInvoker.java:221)
at org.testng.internal.invokers.MethodRunner.runInSequence(MethodRunner.java:50)
at org.testng.internal.invokers.TestInvoker$MethodInvocationAgent.invoke(TestInvoker.java:962)
at org.testng.internal.invokers.TestInvoker.invokeTestMethods(TestInvoker.java:194)
at org.testng.internal.invokers.TestMethodWorker.invokeTestMethods(TestMethodWorker.java:148)
at org.testng.internal.invokers.TestMethodWorker.run(TestMethodWorker.java:128)
at java.base/java.util.ArrayList.forEach(ArrayList.java:1541)
at org.testng.TestRunner.privateRun(TestRunner.java:806)
at org.testng.TestRunner.run(TestRunner.java:601)
at org.testng.SuiteRunner.runTest(SuiteRunner.java:433)
at org.testng.SuiteRunner$SuiteWorker.run(SuiteRunner.java:471)
at org.testng.internal.thread.ThreadUtil.lambda$execute$0(ThreadUtil.java:58)
at java.base/java.util.concurrent.FutureTask.run(FutureTask.java:264)
at java.base/java.util.concurrent.ThreadPoolExecutor.runWorker(ThreadPoolExecutor.java:1128)
at java.base/java.util.concurrent.ThreadPoolExecutor$Worker.run(ThreadPoolExecutor.java:628)
at java.base/java.lang.Thread.run(Thread.java:834)
]]>
            </full-stacktrace>
          </exception> <!-- java.lang.AssertionError -->
          <reporter-output>
          </reporter-output>
        </test-method> <!-- fourtest -->
        <test-method is-config="true" signature="close()[pri:0, instance:Test.FourTest@673be18f]" started-at="2022-11-04T15:55:51 GMT-04:00" name="close" finished-at="2022-11-04T15:56:07 GMT-04:00" duration-ms="16053" status="PASS">
          <reporter-output>
          </reporter-output>
        </test-method> <!-- close -->
      </class> <!-- Test.FourTest -->
    </test> <!-- FourTest -->
    <test started-at="2022-11-04T15:54:44 GMT-04:00" name="TwoTest" finished-at="2022-11-04T15:56:07 GMT-04:00" duration-ms="82986">
      <class name="Test.TwoTest">
        <test-method signature="twotest()[pri:0, instance:Test.TwoTest@30af5b6b]" started-at="2022-11-04T15:54:44 GMT-04:00" name="twotest" finished-at="2022-11-04T15:56:07 GMT-04:00" duration-ms="82847" status="PASS">
          <reporter-output>
          </reporter-output>
        </test-method> <!-- twotest -->
      </class> <!-- Test.TwoTest -->
    </test> <!-- TwoTest -->
    <test started-at="2022-11-04T15:54:44 GMT-04:00" name="LoginTest" finished-at="2022-11-04T15:56:56 GMT-04:00" duration-ms="132238">
      <class name="Test.LoginTest">
        <test-method is-config="true" signature="openApplication()[pri:0, instance:Test.LoginTest@6138e79a]" started-at="2022-11-04T15:54:44 GMT-04:00" name="openApplication" finished-at="2022-11-04T15:55:50 GMT-04:00" duration-ms="65672" status="PASS">
          <reporter-output>
          </reporter-output>
        </test-method> <!-- openApplication -->
        <test-method signature="Login(java.lang.String,java.lang.String,java.lang.String)[pri:0, instance:Test.LoginTest@6138e79a]" started-at="2022-11-04T15:55:50 GMT-04:00" name="Login" data-provider="getLoginData" finished-at="2022-11-04T15:55:59 GMT-04:00" duration-ms="8709" status="PASS">
          <params>
            <param index="0">
              <value>
                <![CDATA[tina88@gmail.com]]>
              </value>
            </param>
            <param index="1">
              <value>
                <![CDATA[123456789]]>
              </value>
            </param>
            <param index="2">
              <value>
                <![CDATA[Successfull]]>
              </value>
            </param>
          </params>
          <reporter-output>
          </reporter-output>
        </test-method> <!-- Login -->
        <test-method is-config="true" signature="close()[pri:0, instance:Test.LoginTest@6138e79a]" started-at="2022-11-04T15:55:59 GMT-04:00" name="close" finished-at="2022-11-04T15:56:08 GMT-04:00" duration-ms="9183" status="PASS">
          <reporter-output>
          </reporter-output>
        </test-method> <!-- close -->
        <test-method is-config="true" signature="openApplication()[pri:0, instance:Test.LoginTest@6138e79a]" started-at="2022-11-04T15:56:08 GMT-04:00" name="openApplication" finished-at="2022-11-04T15:56:42 GMT-04:00" duration-ms="34083" status="PASS">
          <reporter-output>
          </reporter-output>
        </test-method> <!-- openApplication -->
        <test-method signature="Login(java.lang.String,java.lang.String,java.lang.String)[pri:0, instance:Test.LoginTest@6138e79a]" started-at="2022-11-04T15:56:42 GMT-04:00" name="Login" data-provider="getLoginData" finished-at="2022-11-04T15:56:56 GMT-04:00" duration-ms="13789" status="PASS">
          <params>
            <param index="0">
              <value>
                <![CDATA[dummy@gmail.con]]>
              </value>
            </param>
            <param index="1">
              <value>
                <![CDATA[dummy]]>
              </value>
            </param>
            <param index="2">
              <value>
                <![CDATA[Failure]]>
              </value>
            </param>
          </params>
          <reporter-output>
          </reporter-output>
        </test-method> <!-- Login -->
        <test-method is-config="true" signature="close()[pri:0, instance:Test.LoginTest@6138e79a]" started-at="2022-11-04T15:56:56 GMT-04:00" name="close" finished-at="2022-11-04T15:56:56 GMT-04:00" duration-ms="653" status="PASS">
          <reporter-output>
          </reporter-output>
        </test-method> <!-- close -->
      </class> <!-- Test.LoginTest -->
    </test> <!-- LoginTest -->
    <test started-at="2022-11-04T15:54:44 GMT-04:00" name="ThreeTest" finished-at="2022-11-04T15:57:13 GMT-04:00" duration-ms="148528">
      <class name="Test.ThreeTest">
        <test-method signature="threetest()[pri:0, instance:Test.ThreeTest@1f3f02ee]" started-at="2022-11-04T15:54:44 GMT-04:00" name="threetest" finished-at="2022-11-04T15:56:11 GMT-04:00" duration-ms="86415" status="PASS">
          <reporter-output>
          </reporter-output>
        </test-method> <!-- threetest -->
      </class> <!-- Test.ThreeTest -->
      <class name="Test.LoginTest">
        <test-method is-config="true" signature="openApplication()[pri:0, instance:Test.LoginTest@1fde5d22]" started-at="2022-11-04T15:56:11 GMT-04:00" name="openApplication" finished-at="2022-11-04T15:56:42 GMT-04:00" duration-ms="31294" status="PASS">
          <reporter-output>
          </reporter-output>
        </test-method> <!-- openApplication -->
        <test-method signature="Login(java.lang.String,java.lang.String,java.lang.String)[pri:0, instance:Test.LoginTest@1fde5d22]" started-at="2022-11-04T15:56:42 GMT-04:00" name="Login" data-provider="getLoginData" finished-at="2022-11-04T15:56:46 GMT-04:00" duration-ms="3698" status="PASS">
          <params>
            <param index="0">
              <value>
                <![CDATA[tina88@gmail.com]]>
              </value>
            </param>
            <param index="1">
              <value>
                <![CDATA[123456789]]>
              </value>
            </param>
            <param index="2">
              <value>
                <![CDATA[Successfull]]>
              </value>
            </param>
          </params>
          <reporter-output>
          </reporter-output>
        </test-method> <!-- Login -->
        <test-method is-config="true" signature="close()[pri:0, instance:Test.LoginTest@1fde5d22]" started-at="2022-11-04T15:56:46 GMT-04:00" name="close" finished-at="2022-11-04T15:56:48 GMT-04:00" duration-ms="2881" status="PASS">
          <reporter-output>
          </reporter-output>
        </test-method> <!-- close -->
        <test-method is-config="true" signature="openApplication()[pri:0, instance:Test.LoginTest@1fde5d22]" started-at="2022-11-04T15:56:48 GMT-04:00" name="openApplication" finished-at="2022-11-04T15:57:00 GMT-04:00" duration-ms="11979" status="PASS">
          <reporter-output>
          </reporter-output>
        </test-method> <!-- openApplication -->
        <test-method signature="Login(java.lang.String,java.lang.String,java.lang.String)[pri:0, instance:Test.LoginTest@1fde5d22]" started-at="2022-11-04T15:57:00 GMT-04:00" name="Login" data-provider="getLoginData" finished-at="2022-11-04T15:57:12 GMT-04:00" duration-ms="11983" status="PASS">
          <params>
            <param index="0">
              <value>
                <![CDATA[dummy@gmail.con]]>
              </value>
            </param>
            <param index="1">
              <value>
                <![CDATA[dummy]]>
              </value>
            </param>
            <param index="2">
              <value>
                <![CDATA[Failure]]>
              </value>
            </param>
          </params>
          <reporter-output>
          </reporter-output>
        </test-method> <!-- Login -->
        <test-method is-config="true" signature="close()[pri:0, instance:Test.LoginTest@1fde5d22]" started-at="2022-11-04T15:57:12 GMT-04:00" name="close" finished-at="2022-11-04T15:57:13 GMT-04:00" duration-ms="134" status="PASS">
          <reporter-output>
          </reporter-output>
        </test-method> <!-- close -->
      </class> <!-- Test.LoginTest -->
    </test> <!-- ThreeTest -->
  </suite> <!-- Suite -->
</testng-results>
